#
# A fatal error has been detected by the Java Runtime Environment:
#
#  EXCEPTION_ACCESS_VIOLATION (0xc0000005) at pc=0x0000000078aae9f9, pid=5288, tid=3280
#
# JRE version: 6.0_17-b04
# Java VM: Java HotSpot(TM) 64-Bit Server VM (14.3-b01 mixed mode windows-amd64 )
# Problematic frame:
# C  0x0000000078aae9f9
#
# If you would like to submit a bug report, please visit:
#   http://java.sun.com/webapps/bugreport/crash.jsp
#

---------------  T H R E A D  ---------------

Current thread (0x0000000061a38000):  JavaThread "AWT-EventQueue-0" [_thread_in_vm, id=3280, stack(0x00000000b8000000,0x00000000bc000000)]

siginfo: ExceptionCode=0xc0000005, reading address 0x0000000000000001

Registers:
EAX=0x0000000000000001, EBX=0x000000000657e7b0, ECX=0x000000000648a870, EDX=0x0000000044d126a8
ESP=0x00000000bbfff270, EBP=0x0000000044d126a8, ESI=0x0000000044d126a8, EDI=0x000000000648a870
EIP=0x0000000078aae9f9, EFLAGS=0x0000000000010202

Top of Stack: (sp=0x00000000bbfff270)
0x00000000bbfff270:   0000000000000000 000000003ed40cd0
0x00000000bbfff280:   00000000467ff378 0000000033880ec8
0x00000000bbfff290:   00000000375023f0 0000000078aaeb14
0x00000000bbfff2a0:   000000000657e7b0 00000000bbfff3d0
0x00000000bbfff2b0:   0000000044d126a8 000000006db7e628
0x00000000bbfff2c0:   0000000061a381b8 0000000078a6f749
0x00000000bbfff2d0:   00000000bbfff3f0 00000000bbfff3f8
0x00000000bbfff2e0:   000000006db7e628 0000000061a38000
0x00000000bbfff2f0:   0000000061a38000 0000000000000000
0x00000000bbfff300:   0000000044cefe70 fffffffffffffffe
0x00000000bbfff310:   0000000000000000 000000005ff7ba81
0x00000000bbfff320:   0000000061a381b8 00000000bbfff3d0
0x00000000bbfff330:   00000000bbfff3f0 0000000033880ec8
0x00000000bbfff340:   0000000000000000 0000000035c055c0
0x00000000bbfff350:   0000000038015a18 0000000030731588
0x00000000bbfff360:   0000000000000000 0000000033cb9900 

Instructions: (pc=0x0000000078aae9f9)
0x0000000078aae9e9:   c1 89 8a 00 01 00 00 eb 11 48 8b 87 20 01 00 00
0x0000000078aae9f9:   48 8b 08 48 89 8f 20 01 00 00 4c 8b 64 24 20 48 


Stack: [0x00000000b8000000,0x00000000bc000000],  sp=0x00000000bbfff270,  free space=65532k
Native frames: (J=compiled Java code, j=interpreted, Vv=VM code, C=native code)
C  0x0000000078aae9f9

Java frames: (J=compiled Java code, j=interpreted, Vv=VM code)
j  sun.awt.windows.WComponentPeer.nativeHandleEvent(Ljava/awt/AWTEvent;)V+0
j  sun.awt.windows.WComponentPeer.handleEvent(Ljava/awt/AWTEvent;)V+113
j  sun.awt.windows.WWindowPeer.handleEvent(Ljava/awt/AWTEvent;)V+27
j  java.awt.Container.dispatchEventImpl(Ljava/awt/AWTEvent;)V+34
j  java.awt.Window.dispatchEventImpl(Ljava/awt/AWTEvent;)V+19
J  java.awt.EventDispatchThread.pumpOneEventForFilters(I)Z
j  java.awt.EventDispatchThread.pumpEventsForFilter(ILjava/awt/Conditional;Ljava/awt/EventFilter;)V+30
j  java.awt.EventDispatchThread.pumpEventsForHierarchy(ILjava/awt/Conditional;Ljava/awt/Component;)V+11
j  java.awt.EventDispatchThread.pumpEvents(ILjava/awt/Conditional;)V+4
j  java.awt.EventDispatchThread.pumpEvents(Ljava/awt/Conditional;)V+3
j  java.awt.EventDispatchThread.run()V+9
v  ~StubRoutines::call_stub

---------------  P R O C E S S  ---------------

Java Threads: ( => current thread )
  0x0000000061a3b800 JavaThread "Code Analyzer updating thread" [_thread_blocked, id=6760, stack(0x00000000d8000000,0x00000000dc000000)]
  0x00000000619c4000 JavaThread "Code Analyzer updating thread" [_thread_blocked, id=7096, stack(0x00000000cc000000,0x00000000d0000000)]
  0x00000000619c7800 JavaThread "Code Analyzer updating thread" [_thread_blocked, id=6824, stack(0x000000014c030000,0x0000000150030000)]
  0x00000000619c8000 JavaThread "Active Reference Queue Daemon" daemon [_thread_blocked, id=6820, stack(0x0000000140030000,0x0000000144030000)]
  0x00000000619c6000 JavaThread "Timer-2" daemon [_thread_blocked, id=6816, stack(0x000000011c000000,0x0000000120000000)]
  0x00000000619c9000 JavaThread "Prefs Updater" daemon [_thread_blocked, id=6808, stack(0x00000000dc000000,0x00000000e0000000)]
  0x00000000619ca800 JavaThread "Foxtrot Single Worker Thread #1" daemon [_thread_blocked, id=6200, stack(0x00000000e8000000,0x00000000ec000000)]
  0x00000000619cb000 JavaThread "Timer-1" daemon [_thread_blocked, id=2716, stack(0x0000000108000000,0x000000010c000000)]
  0x00000000619c6800 JavaThread "com.jniwrapper.NativeResourceCollector" daemon [_thread_blocked, id=4740, stack(0x00000000fc000000,0x0000000100000000)]
  0x00000000619c9800 JavaThread "Swing-Shell" daemon [_thread_blocked, id=6040, stack(0x00000000f8000000,0x00000000fc000000)]
  0x00000000619c4800 JavaThread "ClipboardMonitor Timer" daemon [_thread_blocked, id=2436, stack(0x00000000f4000000,0x00000000f8000000)]
  0x0000000061a3e800 JavaThread "Explorer NavigationContext request queue" daemon [_thread_blocked, id=1284, stack(0x00000000ec000000,0x00000000f0000000)]
  0x0000000061a3d000 JavaThread "AddressBar directory emptiness poller" daemon [_thread_blocked, id=900, stack(0x00000000e4000000,0x00000000e8000000)]
  0x0000000061a3c000 JavaThread "Explorer Refresh Service 1503249754" daemon [_thread_blocked, id=1056, stack(0x00000000e0000000,0x00000000e4000000)]
  0x0000000061a3a800 JavaThread "Thread-4" daemon [_thread_blocked, id=5640, stack(0x00000000d0000000,0x00000000d4000000)]
  0x0000000061a39000 JavaThread "TimerQueue" daemon [_thread_blocked, id=5628, stack(0x00000000c0000000,0x00000000c4000000)]
  0x0000000061a38800 JavaThread "Thread-3" daemon [_thread_blocked, id=2972, stack(0x00000000bc000000,0x00000000c0000000)]
=>0x0000000061a38000 JavaThread "AWT-EventQueue-0" [_thread_in_vm, id=3280, stack(0x00000000b8000000,0x00000000bc000000)]
  0x0000000061a37000 JavaThread "AWT-Shutdown" [_thread_blocked, id=5504, stack(0x00000000a4000000,0x00000000a8000000)]
  0x0000000060b2a000 JavaThread "FelixPackageAdmin" daemon [_thread_blocked, id=1380, stack(0x00000000b4000000,0x00000000b8000000)]
  0x000000006d520800 JavaThread "FelixStartLevel" daemon [_thread_blocked, id=6064, stack(0x00000000b0000000,0x00000000b4000000)]
  0x000000006d6bd800 JavaThread "FelixDispatchQueue" daemon [_thread_blocked, id=6092, stack(0x00000000ac000000,0x00000000b0000000)]
  0x0000000061707000 JavaThread "com.google.common.base.internal.Finalizer" daemon [_thread_blocked, id=3752, stack(0x00000000a8000000,0x00000000ac000000)]
  0x0000000061794000 JavaThread "AWT-Windows" daemon [_thread_in_native, id=4524, stack(0x00000000a0000000,0x00000000a4000000)]
  0x00000000616a1800 JavaThread "Java2D Disposer" daemon [_thread_blocked, id=1280, stack(0x0000000098000000,0x000000009c000000)]
  0x00000000610d5800 JavaThread "Timer-0" [_thread_blocked, id=3540, stack(0x0000000094000000,0x0000000098000000)]
  0x0000000061151000 JavaThread "EventMgr Dispatcher" daemon [_thread_in_native, id=4696, stack(0x0000000090000000,0x0000000094000000)]
  0x0000000057df3800 JavaThread "Low Memory Detector" daemon [_thread_blocked, id=696, stack(0x0000000088000000,0x000000008c000000)]
  0x0000000057df1800 JavaThread "CompilerThread1" daemon [_thread_blocked, id=2020, stack(0x0000000084000000,0x0000000088000000)]
  0x0000000057da1000 JavaThread "CompilerThread0" daemon [_thread_blocked, id=4228, stack(0x0000000080000000,0x0000000084000000)]
  0x0000000057d9c000 JavaThread "Attach Listener" daemon [_thread_blocked, id=948, stack(0x0000000067a80000,0x000000006ba80000)]
  0x000000000648d000 JavaThread "Finalizer" daemon [_thread_blocked, id=1292, stack(0x0000000063a80000,0x0000000067a80000)]
  0x0000000057d84800 JavaThread "Reference Handler" daemon [_thread_blocked, id=704, stack(0x000000005bee0000,0x000000005fee0000)]
  0x00000000063d3800 JavaThread "main" [_thread_in_native, id=5620, stack(0x0000000000030000,0x0000000004030000)]

Other Threads:
  0x0000000057d83000 VMThread [stack: 0x0000000057ee0000,0x000000005bee0000] [id=3936]
  0x0000000057e1f000 WatcherThread [stack: 0x000000008c000000,0x0000000090000000] [id=1812]

VM state:not at safepoint (normal execution)

VM Mutex/Monitor currently owned by a thread:  ([mutex/lock_event])
[0x000000000657e7b0] JNIGlobalHandle_lock - owner thread: 0x0000000061a38000

Heap
 PSYoungGen      total 27968K, used 8362K [0x0000000044ae0000, 0x0000000047340000, 0x0000000047be0000)
  eden space 16384K, 13% used [0x0000000044ae0000,0x0000000044d12a40,0x0000000045ae0000)
  from space 11584K, 52% used [0x00000000467f0000,0x0000000046de8120,0x0000000047340000)
  to   space 12480K, 0% used [0x0000000045ae0000,0x0000000045ae0000,0x0000000046710000)
 PSOldGen        total 65728K, used 57521K [0x000000003b7e0000, 0x000000003f810000, 0x0000000044ae0000)
  object space 65728K, 87% used [0x000000003b7e0000,0x000000003f00c7f0,0x000000003f810000)
 PSPermGen       total 99648K, used 73957K [0x00000000337e0000, 0x0000000039930000, 0x000000003b7e0000)
  object space 99648K, 74% used [0x00000000337e0000,0x0000000038019710,0x0000000039930000)

Dynamic libraries:
0x0000000140000000 - 0x0000000140028000 	E:\matlab\bin\win64\MATLAB.exe
0x0000000077640000 - 0x00000000777e9000 	C:\Windows\SYSTEM32\ntdll.dll
0x00000000772e0000 - 0x00000000773ff000 	C:\Windows\system32\kernel32.dll
0x000007fefd580000 - 0x000007fefd5ec000 	C:\Windows\system32\KERNELBASE.dll
0x0000000074460000 - 0x0000000074515000 	E:\matlab\bin\win64\libut.dll
0x00000000758a0000 - 0x000000007595f000 	E:\matlab\bin\win64\libmwi18n.dll
0x0000000180000000 - 0x000000018000d000 	E:\matlab\bin\win64\libmwresource_core.dll
0x000000006d430000 - 0x000000006d4c8000 	E:\matlab\bin\win64\MSVCP100.dll
0x000000006d350000 - 0x000000006d422000 	E:\matlab\bin\win64\MSVCR100.dll
0x000000006f250000 - 0x000000006f25e000 	E:\matlab\bin\win64\boost_date_time-vc100-mt-1_49.dll
0x000000006d320000 - 0x000000006d34c000 	E:\matlab\bin\win64\boost_filesystem-vc100-mt-1_49.dll
0x000000006f240000 - 0x000000006f249000 	E:\matlab\bin\win64\boost_system-vc100-mt-1_49.dll
0x000007feff7f0000 - 0x000007feff8cb000 	C:\Windows\system32\ADVAPI32.dll
0x000007fefd880000 - 0x000007fefd91f000 	C:\Windows\system32\msvcrt.dll
0x000007fefe5a0000 - 0x000007fefe5bf000 	C:\Windows\SYSTEM32\sechost.dll
0x000007fefdf10000 - 0x000007fefe03d000 	C:\Windows\system32\RPCRT4.dll
0x000000006d2f0000 - 0x000000006d315000 	E:\matlab\bin\win64\LIBEXPAT.dll
0x000000006c770000 - 0x000000006c8fa000 	E:\matlab\bin\win64\icuin49.dll
0x000000006bf20000 - 0x000000006c05e000 	E:\matlab\bin\win64\icuuc49.dll
0x0000000062950000 - 0x0000000063a72000 	E:\matlab\bin\win64\icudt49.dll
0x000000006d2e0000 - 0x000000006d2f0000 	E:\matlab\bin\win64\icuio49.dll
0x0000000073f70000 - 0x0000000074112000 	E:\matlab\bin\win64\libmwfl.dll
0x000000007a350000 - 0x000000007a737000 	E:\matlab\bin\win64\libmwMATLAB_res.dll
0x000000006c2e0000 - 0x000000006c3bf000 	E:\matlab\bin\win64\boost_regex-vc100-mt-1_49.dll
0x0000000077400000 - 0x00000000774fa000 	C:\Windows\system32\USER32.dll
0x000007fefd630000 - 0x000007fefd697000 	C:\Windows\system32\GDI32.dll
0x000007fefea50000 - 0x000007fefea5e000 	C:\Windows\system32\LPK.dll
0x000007fefd7b0000 - 0x000007fefd879000 	C:\Windows\system32\USP10.dll
0x000000006d2c0000 - 0x000000006d2d1000 	E:\matlab\bin\win64\boost_signals-vc100-mt-1_49.dll
0x000000006d2a0000 - 0x000000006d2b1000 	E:\matlab\bin\win64\boost_thread-vc100-mt-1_49.dll
0x000007fef52d0000 - 0x000007fef535c000 	E:\matlab\bin\win64\boost_log-vc100-mt-1_49.dll
0x0000000077800000 - 0x0000000077807000 	C:\Windows\system32\PSAPI.DLL
0x000007fefe9a0000 - 0x000007fefe9ed000 	C:\Windows\system32\WS2_32.dll
0x000007fefd7a0000 - 0x000007fefd7a8000 	C:\Windows\system32\NSI.dll
0x000007fef53b0000 - 0x000007fef53e3000 	E:\matlab\bin\win64\tbb.dll
0x000007fefe580000 - 0x000007fefe599000 	C:\Windows\system32\imagehlp.dll
0x000007fefd510000 - 0x000007fefd53c000 	C:\Windows\system32\POWRPROF.dll
0x000007fefe3a0000 - 0x000007fefe577000 	C:\Windows\system32\SETUPAPI.dll
0x000007fefd540000 - 0x000007fefd576000 	C:\Windows\system32\CFGMGR32.dll
0x000007fefe5c0000 - 0x000007fefe697000 	C:\Windows\system32\OLEAUT32.dll
0x000007fefdab0000 - 0x000007fefdcb3000 	C:\Windows\system32\ole32.dll
0x000007fefd420000 - 0x000007fefd43a000 	C:\Windows\system32\DEVOBJ.dll
0x0000000004100000 - 0x0000000004121000 	E:\matlab\bin\win64\libmwmfl_scalar.dll
0x000007fef5a30000 - 0x000007fef5b55000 	C:\Windows\system32\dbghelp.dll
0x0000000004240000 - 0x000000000456f000 	E:\matlab\bin\win64\libmwservices.dll
0x0000000075a20000 - 0x0000000075b0b000 	E:\matlab\bin\win64\libmx.dll
0x000007fef5380000 - 0x000007fef53a8000 	E:\matlab\bin\win64\tbbmalloc.dll
0x000000006c750000 - 0x000000006c767000 	E:\matlab\bin\win64\zlib1.dll
0x0000000004570000 - 0x00000000045be000 	E:\matlab\bin\win64\libmwregexp.dll
0x0000000075f10000 - 0x0000000075f57000 	E:\matlab\bin\win64\mpath.dll
0x000000007b680000 - 0x000000007bc66000 	E:\matlab\bin\win64\mlutil.dll
0x00000000754d0000 - 0x0000000075547000 	E:\matlab\bin\win64\xmlcore.dll
0x0000000062700000 - 0x0000000062941000 	E:\matlab\bin\win64\xerces-c_2_7.dll
0x00000000045c0000 - 0x00000000045e2000 	E:\matlab\bin\win64\libmwMATLAB_settings_res.dll
0x000007fefaf40000 - 0x000007fefaf50000 	E:\matlab\bin\win64\boost_iostreams-vc100-mt-1_49.dll
0x000007fef5280000 - 0x000007fef52c6000 	E:\matlab\bin\win64\boost_serialization-vc100-mt-1_49.dll
0x000007fefea60000 - 0x000007feff7e9000 	C:\Windows\system32\SHELL32.dll
0x000007fefe0e0000 - 0x000007fefe151000 	C:\Windows\system32\SHLWAPI.dll
0x00000000045f0000 - 0x00000000045f6000 	E:\matlab\bin\win64\libmwnativedisplay.dll
0x000007fefaa40000 - 0x000007fefaae0000 	C:\Windows\WinSxS\amd64_microsoft.windows.common-controls_6595b64144ccf1df_5.82.7601.18201_none_a4d3b9377117c3df\COMCTL32.dll
0x000007fefe040000 - 0x000007fefe0d7000 	C:\Windows\system32\COMDLG32.dll
0x000007fefabc0000 - 0x000007fefabd6000 	C:\Windows\system32\NETAPI32.dll
0x000007fefabb0000 - 0x000007fefabbc000 	C:\Windows\system32\netutils.dll
0x000007fefcbe0000 - 0x000007fefcc03000 	C:\Windows\system32\srvcli.dll
0x000007fefab90000 - 0x000007fefaba5000 	C:\Windows\system32\wkscli.dll
0x0000000074970000 - 0x0000000074a18000 	E:\matlab\bin\win64\mcr.dll
0x0000000075000000 - 0x00000000753b1000 	E:\matlab\bin\win64\iqm.dll
0x0000000074e80000 - 0x0000000074f30000 	E:\matlab\bin\win64\m_dispatcher.dll
0x0000000004600000 - 0x0000000004e08000 	E:\matlab\bin\win64\m_interpreter.dll
0x0000000004e10000 - 0x0000000004e34000 	E:\matlab\bin\win64\libmex.dll
0x0000000075430000 - 0x00000000754ab000 	E:\matlab\bin\win64\profiler.dll
0x0000000004e40000 - 0x00000000050c3000 	E:\matlab\bin\win64\libmwmathutil.dll
0x0000000079f40000 - 0x0000000079f66000 	E:\matlab\bin\win64\libmwmathrng.dll
0x00000000050d0000 - 0x00000000050e0000 	E:\matlab\bin\win64\libmwmfl_rng.dll
0x0000000074c10000 - 0x0000000074cf8000 	E:\matlab\bin\win64\libmwmathcore.dll
0x0000000076160000 - 0x00000000761c3000 	E:\matlab\bin\win64\libmwspmatrix.dll
0x000000007b0a0000 - 0x000000007b2f6000 	E:\matlab\bin\win64\mcos.dll
0x0000000075ea0000 - 0x0000000075f02000 	E:\matlab\bin\win64\libmwcholmod.dll
0x00000000050f0000 - 0x00000000050fd000 	E:\matlab\bin\win64\libmwamd.dll
0x00000000742c0000 - 0x0000000074363000 	C:\Windows\WinSxS\amd64_microsoft.vc90.crt_1fc8b3b9a1e18e3b_9.0.30729.6161_none_08e61857a83bc251\MSVCR90.dll
0x0000000005110000 - 0x000000000511c000 	E:\matlab\bin\win64\libmwcolamd.dll
0x000000007a290000 - 0x000000007a2a3000 	E:\matlab\bin\win64\libmwblas.dll
0x000000007a310000 - 0x000000007a325000 	E:\matlab\bin\win64\libmwbinder.dll
0x0000000005130000 - 0x000000000513b000 	E:\matlab\bin\win64\libmwompwrapper.dll
0x0000000075820000 - 0x000000007589e000 	E:\matlab\bin\win64\libmwlapack.dll
0x000000007a1b0000 - 0x000000007a1d0000 	E:\matlab\bin\win64\m_pcodeio.dll
0x0000000079b10000 - 0x0000000079b6c000 	E:\matlab\bin\win64\m_ir.dll
0x0000000078ed0000 - 0x0000000079579000 	E:\matlab\bin\win64\m_parser.dll
0x000000007a2f0000 - 0x000000007a307000 	E:\matlab\bin\win64\ir_xfmr.dll
0x0000000005140000 - 0x0000000005150000 	E:\matlab\bin\win64\mtok.dll
0x000000007a130000 - 0x000000007a158000 	E:\matlab\bin\win64\m_pcodegen.dll
0x0000000079fb0000 - 0x0000000079fdf000 	E:\matlab\bin\win64\libmwbridge.dll
0x0000000074f40000 - 0x0000000074ff6000 	E:\matlab\bin\win64\udd.dll
0x0000000073cc0000 - 0x0000000073e0e000 	E:\matlab\bin\win64\libmwgui.dll
0x000000007a1d0000 - 0x000000007a1f4000 	E:\matlab\bin\win64\graphics_util.dll
0x000007feed000000 - 0x000007feed0b8000 	E:\matlab\bin\win64\libtex_base.dll
0x0000000005150000 - 0x0000000005a93000 	E:\matlab\bin\win64\hg.dll
0x0000000076100000 - 0x000000007615a000 	E:\matlab\bin\win64\libmat.dll
0x0000000072d30000 - 0x0000000072f38000 	E:\matlab\bin\win64\hdf5dll.dll
0x0000000075710000 - 0x00000000757d8000 	E:\matlab\bin\win64\jmi.dll
0x0000000005ab0000 - 0x0000000005abe000 	E:\matlab\bin\win64\nativejava_services.dll
0x0000000005ac0000 - 0x0000000005b00000 	E:\matlab\bin\win64\libmwhardcopy.dll
0x0000000075c70000 - 0x0000000075cce000 	E:\matlab\bin\win64\libuij.dll
0x0000000072f50000 - 0x000000007318f000 	E:\matlab\bin\win64\hgdatatypes.dll
0x0000000005b00000 - 0x0000000005beb000 	E:\matlab\bin\win64\hgutils.dll
0x0000000005bf0000 - 0x0000000005c9e000 	E:\matlab\bin\win64\udd_mi.dll
0x0000000005ca0000 - 0x0000000005cd6000 	E:\matlab\bin\win64\libmwgbtutils.dll
0x0000000005ce0000 - 0x0000000005cf4000 	E:\matlab\bin\win64\libmwgbt.dll
0x0000000005d00000 - 0x0000000005fce000 	E:\matlab\bin\win64\uiw.dll
0x0000000005fd0000 - 0x0000000005fd9000 	E:\matlab\bin\win64\uinone.dll
0x0000000005fe0000 - 0x0000000006006000 	E:\matlab\bin\win64\libmwnativefiledialogs.dll
0x0000000006010000 - 0x000000000601c000 	E:\matlab\bin\win64\libmwplatform_res.dll
0x000007fef8530000 - 0x000007fef8548000 	C:\Windows\system32\MPR.dll
0x00000000621a0000 - 0x00000000626fd000 	E:\matlab\bin\win64\mfc100.dll
0x000007fefa8e0000 - 0x000007fefa8e7000 	C:\Windows\system32\MSIMG32.dll
0x000007fef8450000 - 0x000007fef84c1000 	C:\Windows\system32\WINSPOOL.DRV
0x0000000006020000 - 0x000000000603d000 	E:\matlab\bin\win64\mwoles05.DLL
0x0000000006040000 - 0x00000000060ac000 	E:\matlab\bin\win64\comcli.dll
0x000000006c720000 - 0x000000006c74b000 	E:\matlab\bin\win64\ATL100.DLL
0x00000000060b0000 - 0x00000000060bc000 	E:\matlab\bin\win64\mlautoregister.dll
0x00000000060c0000 - 0x0000000006216000 	E:\matlab\bin\win64\mvm.dll
0x000007fefe6a0000 - 0x000007fefe6ce000 	C:\Windows\system32\IMM32.DLL
0x000007fefe290000 - 0x000007fefe399000 	C:\Windows\system32\MSCTF.dll
0x000007fefb900000 - 0x000007fefb956000 	C:\Windows\system32\UxTheme.dll
0x000007fefd600000 - 0x000007fefd618000 	C:\Windows\system32\dwmapi.dll
0x000000006cdf0000 - 0x000000006cdf9000 	E:\matlab\bin\win64\MFC100CHS.DLL
0x0000000006510000 - 0x000000000655e000 	E:\matlab\bin\win64\MVMLocal.dll
0x000007fefcfd0000 - 0x000007fefd027000 	C:\Windows\system32\apphelp.dll

VM Arguments:
jvm_args: -XX:PermSize=32m -Xms64m -XX:NewRatio=3 -XX:MaxPermSize=128m -Xmx196m -XX:MaxDirectMemorySize=2147400000 -Dsun.java2d.noddraw=true -Dsun.awt.nopixfmt=true -Xshare:off -Xrs -Dsun.awt.disableMixing=true -Djava.library.path=E:\matlab\bin\win64;E:\matlab\sys\jxbrowser\win64\lib vfprintf abort -Duser.language=en -Duser.country=US 
java_command: <unknown>
Launcher Type: generic

Environment Variables:
PATH=C:\Program Files (x86)\NVIDIA Corporation\PhysX\Common;C:\Windows\system32;C:\Windows;C:\Windows\System32\Wbem;C:\Windows\System32\WindowsPowerShell\v1.0\;E:\matlab\runtime\win64;E:\matlab\bin;C:\Program Files (x86)\Microsoft SQL Server\100\Tools\Binn\;C:\Program Files\Microsoft SQL Server\100\Tools\Binn\;C:\Program Files\Microsoft SQL Server\100\DTS\Binn\;G:\opencv\OpenCV2.4.4\opencv\build\x86\vc9\bin;G:\opencv\OpenCV2.4.4\opencv\build\x86\vc9\bin
USERNAME=Administrator
OS=Windows_NT
PROCESSOR_IDENTIFIER=Intel64 Family 6 Model 42 Stepping 7, GenuineIntel



---------------  S Y S T E M  ---------------

OS: Windows 7 Build 7601 Service Pack 1

CPU:total 4 (8 cores per cpu, 2 threads per core) family 6 model 42 stepping 7, cmov, cx8, fxsr, mmx, sse, sse2, sse3, ssse3, sse4.1, sse4.2, ht

Memory: 4k page, physical 4136816k(1730720k free), swap 8271776k(4921652k free)

vm_info: Java HotSpot(TM) 64-Bit Server VM (14.3-b01) for windows-amd64 JRE (1.6.0_17-b04), built on Oct 11 2009 00:46:08 by "java_re" with MS VC++ 8.0

time: Sun Apr 05 10:07:30 2015
elapsed time: 673 seconds

